<?xml version="1.0" encoding="UTF-8"?>
<!-- Generated by org.testng.reporters.JUnitReportReporter -->
<testsuite hostname="LAPTOP-B0K2JKB7" failures="0" tests="1" name="Amazon.seleniumFrameworkProject.ErrorValidationTest" time="20.101" errors="0" timestamp="2024-12-29T10:38:55 IST" skipped="0">
  <testcase classname="Amazon.seleniumFrameworkProject.ErrorValidationTest" name="LoginErrorValidations" time="20.101"/>
</testsuite> <!-- Amazon.seleniumFrameworkProject.ErrorValidationTest -->
