<?xml version="1.0" encoding="UTF-8"?>
<!-- Generated by org.testng.reporters.JUnitReportReporter -->
<testsuite hostname="LAPTOP-B0K2JKB7" failures="0" tests="1" name="Amazon.seleniumFrameworkProject.ErrorValidation" time="24.492" errors="0" timestamp="2024-12-20T09:30:47 IST" skipped="0">
  <testcase classname="Amazon.seleniumFrameworkProject.ErrorValidation" name="submitOrder" time="24.492"/>
</testsuite> <!-- Amazon.seleniumFrameworkProject.ErrorValidation -->
